<?xml version="1.0" encoding="UTF-8"?>
<!-- Generated by org.testng.reporters.JUnitReportReporter -->
<testsuite skipped="0" hostname="DESKTOP-0K7EQRA" name="FirstTest" tests="1" failures="0" timestamp="22 jun 2019 11:15:10 GMT" time="7.821" errors="0">
  <testcase name="firstTest" time="7.821" classname="FirstTest"/>
</testsuite> <!-- FirstTest -->
